#
# There is insufficient memory for the Java Runtime Environment to continue.
# Native memory allocation (mmap) failed to map 536870912 bytes. Error detail: G1 virtual space
# Possible reasons:
#   The system is out of physical RAM or swap space
#   This process is running with CompressedOops enabled, and the Java Heap may be blocking the growth of the native heap
# Possible solutions:
#   Reduce memory load on the system
#   Increase physical memory or swap space
#   Check if swap backing store is full
#   Decrease Java heap size (-Xmx/-Xms)
#   Decrease number of Java threads
#   Decrease Java thread stack sizes (-Xss)
#   Set larger code cache with -XX:ReservedCodeCacheSize=
#   JVM is running with Zero Based Compressed Oops mode in which the Java heap is
#     placed in the first 32GB address space. The Java Heap base address is the
#     maximum limit for the native heap growth. Please use -XX:HeapBaseMinAddress
#     to set the Java Heap base and to place the Java Heap above 32GB virtual address.
# This output file may be truncated or incomplete.
#
#  Out of Memory Error (os_windows.cpp:3815), pid=1936, tid=35308
#
# JRE version:  (21.0.3+13) (build )
# Java VM: OpenJDK 64-Bit Server VM (21.0.3+13-b509.11, mixed mode, sharing, tiered, compressed oops, compressed class ptrs, g1 gc, windows-amd64)
# No core dump will be written. Minidumps are not enabled by default on client versions of Windows
#

---------------  S U M M A R Y ------------

Command Line: git4idea.http.GitAskPassApp Username for 'https://github.com': 

Host: Intel(R) Core(TM) i7-8750H CPU @ 2.20GHz, 12 cores, 31G,  Windows 11 , 64 bit Build 22621 (10.0.22621.3958)
Time: Wed Oct  2 14:09:08 2024 Turkey Standard Time elapsed time: 0.027355 seconds (0d 0h 0m 0s)

---------------  T H R E A D  ---------------

Current thread (0x000001e8f0f5f0b0):  JavaThread "Unknown thread" [_thread_in_vm, id=35308, stack(0x000000e518d00000,0x000000e518e00000) (1024K)]

Stack: [0x000000e518d00000,0x000000e518e00000]
Native frames: (J=compiled Java code, j=interpreted, Vv=VM code, C=native code)
V  [jvm.dll+0x6e02f9]
V  [jvm.dll+0x8bd383]
V  [jvm.dll+0x8bf8de]
V  [jvm.dll+0x8bffc3]
V  [jvm.dll+0x2879c6]
V  [jvm.dll+0x6dcac5]
V  [jvm.dll+0x6d0f9a]
V  [jvm.dll+0x35f9bb]
V  [jvm.dll+0x367566]
V  [jvm.dll+0x3b8b56]
V  [jvm.dll+0x3b8e28]
V  [jvm.dll+0x33217c]
V  [jvm.dll+0x332e6b]
V  [jvm.dll+0x8845e9]
V  [jvm.dll+0x3c5f38]
V  [jvm.dll+0x86d80d]
V  [jvm.dll+0x45ab9e]
V  [jvm.dll+0x45c771]
C  [jli.dll+0x52ab]
C  [ucrtbase.dll+0x29333]
C  [KERNEL32.DLL+0x1257d]
C  [ntdll.dll+0x5af28]


---------------  P R O C E S S  ---------------

Threads class SMR info:
_java_thread_list=0x00007ffddf99d108, length=0, elements={
}

Java Threads: ( => current thread )
Total: 0

Other Threads:
  0x000001e8f32ad440 WorkerThread "GC Thread#0"                     [id=7984, stack(0x000000e518e00000,0x000000e518f00000) (1024K)]
  0x000001e8f32be2b0 ConcurrentGCThread "G1 Main Marker"            [id=12460, stack(0x000000e518f00000,0x000000e519000000) (1024K)]
  0x000001e8f32bef60 WorkerThread "G1 Conc#0"                       [id=33112, stack(0x000000e519000000,0x000000e519100000) (1024K)]

[error occurred during error reporting (printing all threads), id 0xc0000005, EXCEPTION_ACCESS_VIOLATION (0xc0000005) at pc=0x00007ffddf0952d7]
VM state: not at safepoint (not fully initialized)

VM Mutex/Monitor currently owned by a thread:  ([mutex/lock_event])
[0x00007ffddfa11858] Heap_lock - owner thread: 0x000001e8f0f5f0b0

Heap address: 0x0000000602c00000, size: 8148 MB, Compressed Oops mode: Zero based, Oop shift amount: 3

CDS archive(s) mapped at: [0x0000000000000000-0x0000000000000000-0x0000000000000000), size 0, SharedBaseAddress: 0x0000000800000000, ArchiveRelocationMode: 1.
Narrow klass base: 0x0000000000000000, Narrow klass shift: 0, Narrow klass range: 0x0

GC Precious Log:
 CardTable entry size: 512
 Card Set container configuration: InlinePtr #cards 4 size 8 Array Of Cards #cards 32 size 80 Howl #buckets 8 coarsen threshold 7372 Howl Bitmap #cards 1024 size 144 coarsen threshold 921 Card regions per heap region 1 cards per card region 8192

Heap:
 garbage-first heap   total 0K, used 0K [0x0000000602c00000, 0x0000000800000000)
  region size 4096K, 0 young (0K), 0 survivors (0K)
 Metaspace       used 0K, committed 0K, reserved 0K
  class space    used 0K, committed 0K, reserved 0K

Heap Regions: E=young(eden), S=young(survivor), O=old, HS=humongous(starts), HC=humongous(continues), CS=collection set, F=free, TAMS=top-at-mark-start, PB=parsable bottom

Card table byte_map: [0x000001e8f8660000,0x000001e8f9650000] _byte_map_base: 0x000001e8f564a000

Marking Bits: (CMBitMap*) 0x000001e8f32adb40
 Bits: [0x000001e88f000000, 0x000001e896f50000)

GC Heap History (0 events):
No events

Dll operation events (1 events):
Event: 0.009 Loaded shared library C:\Program Files\JetBrains\IntelliJ IDEA 2024.2.1\jbr\bin\java.dll

Deoptimization events (0 events):
No events

Classes loaded (0 events):
No events

Classes unloaded (0 events):
No events

Classes redefined (0 events):
No events

Internal exceptions (0 events):
No events

ZGC Phase Switch (0 events):
No events

VM Operations (0 events):
No events

Events (0 events):
No events


Dynamic libraries:
0x00007ff632890000 - 0x00007ff63289a000 	C:\Program Files\JetBrains\IntelliJ IDEA 2024.2.1\jbr\bin\java.exe
0x00007ffe28b10000 - 0x00007ffe28d27000 	C:\WINDOWS\SYSTEM32\ntdll.dll
0x00007ffe28690000 - 0x00007ffe28754000 	C:\WINDOWS\System32\KERNEL32.DLL
0x00007ffe26490000 - 0x00007ffe2683d000 	C:\WINDOWS\System32\KERNELBASE.dll
0x00007ffe26120000 - 0x00007ffe26231000 	C:\WINDOWS\System32\ucrtbase.dll
0x00007ffe1e040000 - 0x00007ffe1e05b000 	C:\Program Files\JetBrains\IntelliJ IDEA 2024.2.1\jbr\bin\VCRUNTIME140.dll
0x00007ffe17d70000 - 0x00007ffe17d88000 	C:\Program Files\JetBrains\IntelliJ IDEA 2024.2.1\jbr\bin\jli.dll
0x00007ffe287d0000 - 0x00007ffe2897e000 	C:\WINDOWS\System32\USER32.dll
0x00007ffe08db0000 - 0x00007ffe09043000 	C:\WINDOWS\WinSxS\amd64_microsoft.windows.common-controls_6595b64144ccf1df_6.0.22621.3672_none_2713b9d173822955\COMCTL32.dll
0x00007ffe25f80000 - 0x00007ffe25fa6000 	C:\WINDOWS\System32\win32u.dll
0x00007ffe27210000 - 0x00007ffe272b7000 	C:\WINDOWS\System32\msvcrt.dll
0x00007ffe28480000 - 0x00007ffe284a9000 	C:\WINDOWS\System32\GDI32.dll
0x00007ffe25e30000 - 0x00007ffe25f49000 	C:\WINDOWS\System32\gdi32full.dll
0x00007ffe263f0000 - 0x00007ffe2648a000 	C:\WINDOWS\System32\msvcp_win.dll
0x00007ffe26aa0000 - 0x00007ffe26ad1000 	C:\WINDOWS\System32\IMM32.DLL
0x00007ffe21fe0000 - 0x00007ffe21fec000 	C:\Program Files\JetBrains\IntelliJ IDEA 2024.2.1\jbr\bin\vcruntime140_1.dll
0x00007ffdeb6b0000 - 0x00007ffdeb73d000 	C:\Program Files\JetBrains\IntelliJ IDEA 2024.2.1\jbr\bin\msvcp140.dll
0x00007ffdded50000 - 0x00007ffddfb02000 	C:\Program Files\JetBrains\IntelliJ IDEA 2024.2.1\jbr\bin\server\jvm.dll
0x00007ffe285d0000 - 0x00007ffe28682000 	C:\WINDOWS\System32\ADVAPI32.dll
0x00007ffe28980000 - 0x00007ffe28a29000 	C:\WINDOWS\System32\sechost.dll
0x00007ffe25f50000 - 0x00007ffe25f78000 	C:\WINDOWS\System32\bcrypt.dll
0x00007ffe284b0000 - 0x00007ffe285c4000 	C:\WINDOWS\System32\RPCRT4.dll
0x00007ffe26860000 - 0x00007ffe268d1000 	C:\WINDOWS\System32\WS2_32.dll
0x00007ffe24cc0000 - 0x00007ffe24d0d000 	C:\WINDOWS\SYSTEM32\POWRPROF.dll
0x00007ffe1bd40000 - 0x00007ffe1bd4a000 	C:\WINDOWS\SYSTEM32\VERSION.dll
0x00007ffe1cc60000 - 0x00007ffe1cc94000 	C:\WINDOWS\SYSTEM32\WINMM.dll
0x00007ffe24ca0000 - 0x00007ffe24cb3000 	C:\WINDOWS\SYSTEM32\UMPDC.dll
0x00007ffe24f50000 - 0x00007ffe24f68000 	C:\WINDOWS\SYSTEM32\kernel.appcore.dll
0x00007ffe1d4c0000 - 0x00007ffe1d4ca000 	C:\Program Files\JetBrains\IntelliJ IDEA 2024.2.1\jbr\bin\jimage.dll
0x00007ffe236b0000 - 0x00007ffe238e2000 	C:\WINDOWS\SYSTEM32\DBGHELP.DLL
0x00007ffe26cc0000 - 0x00007ffe2704d000 	C:\WINDOWS\System32\combase.dll
0x00007ffe26ae0000 - 0x00007ffe26bb7000 	C:\WINDOWS\System32\OLEAUT32.dll
0x00007ffe1b180000 - 0x00007ffe1b1b2000 	C:\WINDOWS\SYSTEM32\dbgcore.DLL
0x00007ffe26240000 - 0x00007ffe262bb000 	C:\WINDOWS\System32\bcryptPrimitives.dll
0x00007ffe1c590000 - 0x00007ffe1c5af000 	C:\Program Files\JetBrains\IntelliJ IDEA 2024.2.1\jbr\bin\java.dll

dbghelp: loaded successfully - version: 4.0.5 - missing functions: none
symbol engine: initialized successfully - sym options: 0x614 - pdb path: .;C:\Program Files\JetBrains\IntelliJ IDEA 2024.2.1\jbr\bin;C:\WINDOWS\SYSTEM32;C:\WINDOWS\WinSxS\amd64_microsoft.windows.common-controls_6595b64144ccf1df_6.0.22621.3672_none_2713b9d173822955;C:\Program Files\JetBrains\IntelliJ IDEA 2024.2.1\jbr\bin\server

VM Arguments:
java_command: git4idea.http.GitAskPassApp Username for 'https://github.com': 
java_class_path (initial): C:/Program Files/JetBrains/IntelliJ IDEA 2024.2.1/plugins/vcs-git/lib/git4idea-rt.jar;C:/Program Files/JetBrains/IntelliJ IDEA 2024.2.1/lib/externalProcess-rt.jar
Launcher Type: SUN_STANDARD

[Global flags]
     intx CICompilerCount                          = 4                                         {product} {ergonomic}
     uint ConcGCThreads                            = 3                                         {product} {ergonomic}
     uint G1ConcRefinementThreads                  = 10                                        {product} {ergonomic}
   size_t G1HeapRegionSize                         = 4194304                                   {product} {ergonomic}
    uintx GCDrainStackTargetSize                   = 64                                        {product} {ergonomic}
   size_t InitialHeapSize                          = 536870912                                 {product} {ergonomic}
   size_t MarkStackSize                            = 4194304                                   {product} {ergonomic}
   size_t MaxHeapSize                              = 8543797248                                {product} {ergonomic}
   size_t MinHeapDeltaBytes                        = 4194304                                   {product} {ergonomic}
   size_t MinHeapSize                              = 8388608                                   {product} {ergonomic}
    uintx NonNMethodCodeHeapSize                   = 5839372                                {pd product} {ergonomic}
    uintx NonProfiledCodeHeapSize                  = 122909434                              {pd product} {ergonomic}
    uintx ProfiledCodeHeapSize                     = 122909434                              {pd product} {ergonomic}
    uintx ReservedCodeCacheSize                    = 251658240                              {pd product} {ergonomic}
     bool SegmentedCodeCache                       = true                                      {product} {ergonomic}
   size_t SoftMaxHeapSize                          = 8543797248                             {manageable} {ergonomic}
     bool UseCompressedOops                        = true                           {product lp64_product} {ergonomic}
     bool UseG1GC                                  = true                                      {product} {ergonomic}
     bool UseLargePagesIndividualAllocation        = false                                  {pd product} {ergonomic}

Logging:
Log output configuration:
 #0: stdout all=warning uptime,level,tags foldmultilines=false
 #1: stderr all=off uptime,level,tags foldmultilines=false

Environment Variables:
PATH=C:\Users\okilickiran\AppData\Local\Programs\Git\mingw64\libexec\git-core;C:\Users\okilickiran\AppData\Local\Programs\Git\mingw64\libexec\git-core;C:\Users\okilickiran\bin;C:\Users\okilickiran\AppData\Local\Programs\Git\mingw64\bin;C:\Users\okilickiran\AppData\Local\Programs\Git\usr\bin;C:\Users\okilickiran\AppData\Roaming\JetBrains\IntelliJIdea2024.2\node\versions\22.9.0;C:\Program Files (x86)\Common Files\Oracle\Java\javapath;C:\WINDOWS\system32;C:\WINDOWS;C:\WINDOWS\System32\Wbem;C:\WINDOWS\System32\WindowsPowerShell\v1.0;C:\WINDOWS\System32\OpenSSH;C:\Users\okilickiran\AppData\Local\Microsoft\WindowsApps;C:\Users\okilickiran\AppData\Local\Programs\Git\cmd;C:\Users\okilickiran\Downloads\apache-maven-3.9.9-bin\apache-maven-3.9.9\bin
USERNAME=okilickiran
DISPLAY=:0.0
LC_ALL=en_US.UTF-8
TERM=xterm-256color
TMPDIR=C:\Users\OKILIC~1\AppData\Local\Temp
OS=Windows_NT
PROCESSOR_IDENTIFIER=Intel64 Family 6 Model 158 Stepping 10, GenuineIntel
TMP=C:\Users\OKILIC~1\AppData\Local\Temp
TEMP=C:\Users\OKILIC~1\AppData\Local\Temp




Periodic native trim disabled

JNI global refs:
JNI global refs: 0, weak refs: 0

JNI global refs memory usage: 0, weak refs: 0

Process memory usage:
Resident Set Size: 11920K (0% of 33364616K total physical memory with 13775236K free physical memory)

OOME stack traces (most recent first):
Classloader memory used:

---------------  S Y S T E M  ---------------

OS:
 Windows 11 , 64 bit Build 22621 (10.0.22621.3958)
OS uptime: 2 days 16:10 hours

CPU: total 12 (initial active 12) (6 cores per cpu, 2 threads per core) family 6 model 158 stepping 10 microcode 0xf6, cx8, cmov, fxsr, ht, mmx, 3dnowpref, sse, sse2, sse3, ssse3, sse4.1, sse4.2, popcnt, lzcnt, tsc, tscinvbit, avx, avx2, aes, erms, clmul, bmi1, bmi2, adx, fma, vzeroupper, clflush, clflushopt, rdtscp, f16c
Processor Information for all 12 processors :
  Max Mhz: 2208, Current Mhz: 2208, Mhz Limit: 2208

Memory: 4k page, system-wide physical 32582M (13452M free)
TotalPageFile size 62723M (AvailPageFile size 20M)
current process WorkingSet (physical memory assigned to process): 11M, peak: 11M
current process commit charge ("private bytes"): 64M, peak: 576M

vm_info: OpenJDK 64-Bit Server VM (21.0.3+13-b509.11) for windows-amd64 JRE (21.0.3+13-b509.11), built on 2024-08-12 by "builduser" with MS VC++ 16.10 / 16.11 (VS2019)

END.
